0590000001
0590000002
0590000003
0590000004
0590000005
0590000006
0590000007
0590000008
0590000009
0590000010
0590000011
0590000012
0590000013
0590000014
0590000015
0590000016
0590000017
0590000018
0590000019
0590000020
0590000021
0590000022
0590000023
0590000024
0590000025
0590000026
0590000027
0590000028
0590000029
0590000030
0590000031
0590000032
0590000033
0590000034
0590000035
0590000036
0590000037
0590000038
0590000039
0590000040
0590000041
0590000042
0590000043
0590000044
0590000045
0590000046
0590000047
0590000048
0590000049
0590000050
0590000051
0590000052
0590000053
0590000054
0590000055
0590000056
0590000057
0590000058
0590000059
0590000060
0590000061
0590000062
0590000063
0590000064
0590000065
0590000066
0590000067
0590000068
0590000069
0590000070
0590000071
0590000072
0590000073
0590000074
0590000075
0590000076
0590000077
0590000078
0590000079
0590000080
0590000081
0590000082
0590000083
0590000084
0590000085
0590000086
0590000087
0590000088
0590000089
0590000090
0590000091
0590000092
0590000093
0590000094
0590000095
0590000096
0590000097
0590000098
0590000099
0590000100
0590000101
